<?xml version="1.0" encoding="UTF-8" ?>
<testsuite tests="6" failures="6" name="MRTest" time="25.241" errors="0" skipped="0">
  <properties>
    <property name="java.runtime.name" value="Java(TM) SE Runtime Environment"/>
    <property name="sun.boot.library.path" value="/Library/Java/JavaVirtualMachines/jdk1.8.0_251.jdk/Contents/Home/jre/lib"/>
    <property name="java.vm.version" value="25.251-b08"/>
    <property name="gopherProxySet" value="false"/>
    <property name="java.vm.vendor" value="Oracle Corporation"/>
    <property name="maven.multiModuleProjectDirectory" value="/Users/qianxingyue/Downloads/mapreduce"/>
    <property name="java.vendor.url" value="http://java.oracle.com/"/>
    <property name="path.separator" value=":"/>
    <property name="guice.disable.misplaced.annotation.check" value="true"/>
    <property name="java.vm.name" value="Java HotSpot(TM) 64-Bit Server VM"/>
    <property name="file.encoding.pkg" value="sun.io"/>
    <property name="user.country" value="CN"/>
    <property name="sun.java.launcher" value="SUN_STANDARD"/>
    <property name="sun.os.patch.level" value="unknown"/>
    <property name="java.vm.specification.name" value="Java Virtual Machine Specification"/>
    <property name="user.dir" value="/Users/qianxingyue/Downloads/mapreduce"/>
    <property name="java.runtime.version" value="1.8.0_251-b08"/>
    <property name="java.awt.graphicsenv" value="sun.awt.CGraphicsEnvironment"/>
    <property name="java.endorsed.dirs" value="/Library/Java/JavaVirtualMachines/jdk1.8.0_251.jdk/Contents/Home/jre/lib/endorsed"/>
    <property name="os.arch" value="x86_64"/>
    <property name="java.io.tmpdir" value="/var/folders/15/n7nl__w53bj47_p6dg6zz61w0000gn/T/"/>
    <property name="line.separator" value="
"/>
    <property name="socksProxyPort" value="10081"/>
    <property name="java.vm.specification.vendor" value="Oracle Corporation"/>
    <property name="https.proxyHost" value="127.0.0.1"/>
    <property name="os.name" value="Mac OS X"/>
    <property name="maven.ext.class.path" value="/Users/qianxingyue/Library/Application Support/JetBrains/Toolbox/apps/IDEA-U/ch-0/201.7223.91/IntelliJ IDEA.app/Contents/plugins/maven/lib/maven-event-listener.jar"/>
    <property name="classworlds.conf" value="/Users/qianxingyue/Library/Application Support/JetBrains/Toolbox/apps/IDEA-U/ch-0/201.7223.91/IntelliJ IDEA.app/Contents/plugins/maven/lib/maven3/bin/m2.conf"/>
    <property name="sun.jnu.encoding" value="UTF-8"/>
    <property name="java.library.path" value="/Users/qianxingyue/Library/Java/Extensions:/Library/Java/Extensions:/Network/Library/Java/Extensions:/System/Library/Java/Extensions:/usr/lib/java:."/>
    <property name="http.proxyPort" value="10080"/>
    <property name="maven.conf" value="/Users/qianxingyue/Library/Application Support/JetBrains/Toolbox/apps/IDEA-U/ch-0/201.7223.91/IntelliJ IDEA.app/Contents/plugins/maven/lib/maven3/conf"/>
    <property name="java.specification.name" value="Java Platform API Specification"/>
    <property name="java.class.version" value="52.0"/>
    <property name="sun.management.compiler" value="HotSpot 64-Bit Tiered Compilers"/>
    <property name="os.version" value="10.15.4"/>
    <property name="http.nonProxyHosts" value="192.168.0.0/16|*.192.168.0.0/16|10.0.0.0/8|*.10.0.0.0/8|172.16.0.0/12|*.172.16.0.0/12|127.0.0.1|localhost|*.localhost|local|*.local"/>
    <property name="user.home" value="/Users/qianxingyue"/>
    <property name="user.timezone" value="Asia/Shanghai"/>
    <property name="java.awt.printerjob" value="sun.lwawt.macosx.CPrinterJob"/>
    <property name="java.specification.version" value="1.8"/>
    <property name="file.encoding" value="UTF-8"/>
    <property name="user.name" value="qianxingyue"/>
    <property name="java.class.path" value="/Users/qianxingyue/Library/Application Support/JetBrains/Toolbox/apps/IDEA-U/ch-0/201.7223.91/IntelliJ IDEA.app/Contents/plugins/maven/lib/maven3/boot/plexus-classworlds.license:/Users/qianxingyue/Library/Application Support/JetBrains/Toolbox/apps/IDEA-U/ch-0/201.7223.91/IntelliJ IDEA.app/Contents/plugins/maven/lib/maven3/boot/plexus-classworlds-2.6.0.jar:/Users/qianxingyue/Library/Application Support/JetBrains/Toolbox/apps/IDEA-U/ch-0/201.7223.91/IntelliJ IDEA.app/Contents/lib/idea_rt.jar"/>
    <property name="socksProxyHost" value="127.0.0.1"/>
    <property name="java.vm.specification.version" value="1.8"/>
    <property name="sun.arch.data.model" value="64"/>
    <property name="java.home" value="/Library/Java/JavaVirtualMachines/jdk1.8.0_251.jdk/Contents/Home/jre"/>
    <property name="sun.java.command" value="org.codehaus.classworlds.Launcher -Didea.version2020.1.1 install"/>
    <property name="java.specification.vendor" value="Oracle Corporation"/>
    <property name="user.language" value="zh"/>
    <property name="awt.toolkit" value="sun.lwawt.macosx.LWCToolkit"/>
    <property name="idea.version2020.1.1" value="true"/>
    <property name="java.vm.info" value="mixed mode"/>
    <property name="java.version" value="1.8.0_251"/>
    <property name="java.ext.dirs" value="/Users/qianxingyue/Library/Java/Extensions:/Library/Java/JavaVirtualMachines/jdk1.8.0_251.jdk/Contents/Home/jre/lib/ext:/Library/Java/Extensions:/Network/Library/Java/Extensions:/System/Library/Java/Extensions:/usr/lib/java"/>
    <property name="http.proxyHost" value="127.0.0.1"/>
    <property name="sun.boot.class.path" value="/Library/Java/JavaVirtualMachines/jdk1.8.0_251.jdk/Contents/Home/jre/lib/resources.jar:/Library/Java/JavaVirtualMachines/jdk1.8.0_251.jdk/Contents/Home/jre/lib/rt.jar:/Library/Java/JavaVirtualMachines/jdk1.8.0_251.jdk/Contents/Home/jre/lib/sunrsasign.jar:/Library/Java/JavaVirtualMachines/jdk1.8.0_251.jdk/Contents/Home/jre/lib/jsse.jar:/Library/Java/JavaVirtualMachines/jdk1.8.0_251.jdk/Contents/Home/jre/lib/jce.jar:/Library/Java/JavaVirtualMachines/jdk1.8.0_251.jdk/Contents/Home/jre/lib/charsets.jar:/Library/Java/JavaVirtualMachines/jdk1.8.0_251.jdk/Contents/Home/jre/lib/jfr.jar:/Library/Java/JavaVirtualMachines/jdk1.8.0_251.jdk/Contents/Home/jre/classes"/>
    <property name="java.vendor" value="Oracle Corporation"/>
    <property name="maven.home" value="/Users/qianxingyue/Library/Application Support/JetBrains/Toolbox/apps/IDEA-U/ch-0/201.7223.91/IntelliJ IDEA.app/Contents/plugins/maven/lib/maven3"/>
    <property name="file.separator" value="/"/>
    <property name="java.vendor.url.bug" value="http://bugreport.sun.com/bugreport/"/>
    <property name="sun.cpu.endian" value="little"/>
    <property name="sun.io.unicode.encoding" value="UnicodeBig"/>
    <property name="https.proxyPort" value="10080"/>
    <property name="socksNonProxyHosts" value="192.168.0.0/16|*.192.168.0.0/16|10.0.0.0/8|*.10.0.0.0/8|172.16.0.0/12|*.172.16.0.0/12|127.0.0.1|localhost|*.localhost|local|*.local"/>
    <property name="ftp.nonProxyHosts" value="192.168.0.0/16|*.192.168.0.0/16|10.0.0.0/8|*.10.0.0.0/8|172.16.0.0/12|*.172.16.0.0/12|127.0.0.1|localhost|*.localhost|local|*.local"/>
    <property name="sun.cpu.isalist" value=""/>
  </properties>
  <testcase classname="MRTest" name="testParallelBasic" time="1.305">
    <failure message="Expected 100000 lines in output" type="junit.framework.AssertionFailedError">junit.framework.AssertionFailedError: Expected 100000 lines in output
	at junit.framework.Assert.fail(Assert.java:57)
	at junit.framework.Assert.assertTrue(Assert.java:22)
	at junit.framework.Assert.assertFalse(Assert.java:39)
	at junit.framework.TestCase.assertFalse(TestCase.java:210)
	at MRTest.check(MRTest.java:104)
	at MRTest.testParallelBasic(MRTest.java:201)
	at sun.reflect.NativeMethodAccessorImpl.invoke0(Native Method)
	at sun.reflect.NativeMethodAccessorImpl.invoke(NativeMethodAccessorImpl.java:62)
	at sun.reflect.DelegatingMethodAccessorImpl.invoke(DelegatingMethodAccessorImpl.java:43)
	at java.lang.reflect.Method.invoke(Method.java:498)
	at org.junit.runners.model.FrameworkMethod$1.runReflectiveCall(FrameworkMethod.java:50)
	at org.junit.internal.runners.model.ReflectiveCallable.run(ReflectiveCallable.java:12)
	at org.junit.runners.model.FrameworkMethod.invokeExplosively(FrameworkMethod.java:47)
	at org.junit.internal.runners.statements.InvokeMethod.evaluate(InvokeMethod.java:17)
	at org.junit.runners.ParentRunner.runLeaf(ParentRunner.java:325)
	at org.junit.runners.BlockJUnit4ClassRunner.runChild(BlockJUnit4ClassRunner.java:78)
	at org.junit.runners.BlockJUnit4ClassRunner.runChild(BlockJUnit4ClassRunner.java:57)
	at org.junit.runners.ParentRunner$3.run(ParentRunner.java:290)
	at org.junit.runners.ParentRunner$1.schedule(ParentRunner.java:71)
	at org.junit.runners.ParentRunner.runChildren(ParentRunner.java:288)
	at org.junit.runners.ParentRunner.access$000(ParentRunner.java:58)
	at org.junit.runners.ParentRunner$2.evaluate(ParentRunner.java:268)
	at org.junit.runners.ParentRunner.run(ParentRunner.java:363)
	at org.apache.maven.surefire.junit4.JUnit4Provider.execute(JUnit4Provider.java:252)
	at org.apache.maven.surefire.junit4.JUnit4Provider.executeTestSet(JUnit4Provider.java:141)
	at org.apache.maven.surefire.junit4.JUnit4Provider.invoke(JUnit4Provider.java:112)
	at sun.reflect.NativeMethodAccessorImpl.invoke0(Native Method)
	at sun.reflect.NativeMethodAccessorImpl.invoke(NativeMethodAccessorImpl.java:62)
	at sun.reflect.DelegatingMethodAccessorImpl.invoke(DelegatingMethodAccessorImpl.java:43)
	at java.lang.reflect.Method.invoke(Method.java:498)
	at org.apache.maven.surefire.util.ReflectionUtils.invokeMethodWithArray(ReflectionUtils.java:189)
	at org.apache.maven.surefire.booter.ProviderFactory$ProviderProxy.invoke(ProviderFactory.java:165)
	at org.apache.maven.surefire.booter.ProviderFactory.invokeProvider(ProviderFactory.java:85)
	at org.apache.maven.surefire.booter.ForkedBooter.runSuitesInProcess(ForkedBooter.java:115)
	at org.apache.maven.surefire.booter.ForkedBooter.main(ForkedBooter.java:75)
</failure>
    <system-out>master: Starting Map/Reduce task test
Schedule: 20 MAP_PHASE tasks (10 I/Os)
Schedule: MAP_PHASE done
Schedule: 10 REDUCE_PHASE tasks (20 I/Os)
Schedule: REDUCE_PHASE done
Merge: read mrtmp.test-res-0
Merge: read mrtmp.test-res-1
Merge: read mrtmp.test-res-2
Merge: read mrtmp.test-res-3
Merge: read mrtmp.test-res-4
Merge: read mrtmp.test-res-5
Merge: read mrtmp.test-res-6
Merge: read mrtmp.test-res-7
Merge: read mrtmp.test-res-8
Merge: read mrtmp.test-res-9
master: Map/Reduce task completed
</system-out>
    <system-err>SLF4J: Failed to load class &quot;org.slf4j.impl.StaticLoggerBinder&quot;.
SLF4J: Defaulting to no-operation (NOP) logger implementation
SLF4J: See http://www.slf4j.org/codes.html#StaticLoggerBinder for further details.
Sofa-Middleware-Log:WARN No log util is usable, Default app logger will be used.
Sofa-Middleware-Log:WARN No log util is usable, Default app logger will be used.
java.nio.file.NoSuchFileException: mrtmp.test-res-0
	at sun.nio.fs.UnixException.translateToIOException(UnixException.java:86)
	at sun.nio.fs.UnixException.rethrowAsIOException(UnixException.java:102)
	at sun.nio.fs.UnixException.rethrowAsIOException(UnixException.java:107)
	at sun.nio.fs.UnixFileSystemProvider.newByteChannel(UnixFileSystemProvider.java:214)
	at java.nio.file.Files.newByteChannel(Files.java:361)
	at java.nio.file.Files.newByteChannel(Files.java:407)
	at java.nio.file.Files.readAllBytes(Files.java:3152)
	at sjtu.sdic.mapreduce.core.Master.merge(Master.java:360)
	at sjtu.sdic.mapreduce.core.Master.run(Master.java:245)
	at sjtu.sdic.mapreduce.core.Master.lambda$distributed$7(Master.java:202)
	at java.lang.Thread.run(Thread.java:748)
java.nio.file.NoSuchFileException: mrtmp.test-res-1
	at sun.nio.fs.UnixException.translateToIOException(UnixException.java:86)
	at sun.nio.fs.UnixException.rethrowAsIOException(UnixException.java:102)
	at sun.nio.fs.UnixException.rethrowAsIOException(UnixException.java:107)
	at sun.nio.fs.UnixFileSystemProvider.newByteChannel(UnixFileSystemProvider.java:214)
	at java.nio.file.Files.newByteChannel(Files.java:361)
	at java.nio.file.Files.newByteChannel(Files.java:407)
	at java.nio.file.Files.readAllBytes(Files.java:3152)
	at sjtu.sdic.mapreduce.core.Master.merge(Master.java:360)
	at sjtu.sdic.mapreduce.core.Master.run(Master.java:245)
	at sjtu.sdic.mapreduce.core.Master.lambda$distributed$7(Master.java:202)
	at java.lang.Thread.run(Thread.java:748)
java.nio.file.NoSuchFileException: mrtmp.test-res-2
	at sun.nio.fs.UnixException.translateToIOException(UnixException.java:86)
	at sun.nio.fs.UnixException.rethrowAsIOException(UnixException.java:102)
	at sun.nio.fs.UnixException.rethrowAsIOException(UnixException.java:107)
	at sun.nio.fs.UnixFileSystemProvider.newByteChannel(UnixFileSystemProvider.java:214)
	at java.nio.file.Files.newByteChannel(Files.java:361)
	at java.nio.file.Files.newByteChannel(Files.java:407)
	at java.nio.file.Files.readAllBytes(Files.java:3152)
	at sjtu.sdic.mapreduce.core.Master.merge(Master.java:360)
	at sjtu.sdic.mapreduce.core.Master.run(Master.java:245)
	at sjtu.sdic.mapreduce.core.Master.lambda$distributed$7(Master.java:202)
	at java.lang.Thread.run(Thread.java:748)
java.nio.file.NoSuchFileException: mrtmp.test-res-3
	at sun.nio.fs.UnixException.translateToIOException(UnixException.java:86)
	at sun.nio.fs.UnixException.rethrowAsIOException(UnixException.java:102)
	at sun.nio.fs.UnixException.rethrowAsIOException(UnixException.java:107)
	at sun.nio.fs.UnixFileSystemProvider.newByteChannel(UnixFileSystemProvider.java:214)
	at java.nio.file.Files.newByteChannel(Files.java:361)
	at java.nio.file.Files.newByteChannel(Files.java:407)
	at java.nio.file.Files.readAllBytes(Files.java:3152)
	at sjtu.sdic.mapreduce.core.Master.merge(Master.java:360)
	at sjtu.sdic.mapreduce.core.Master.run(Master.java:245)
	at sjtu.sdic.mapreduce.core.Master.lambda$distributed$7(Master.java:202)
	at java.lang.Thread.run(Thread.java:748)
java.nio.file.NoSuchFileException: mrtmp.test-res-4
	at sun.nio.fs.UnixException.translateToIOException(UnixException.java:86)
	at sun.nio.fs.UnixException.rethrowAsIOException(UnixException.java:102)
	at sun.nio.fs.UnixException.rethrowAsIOException(UnixException.java:107)
	at sun.nio.fs.UnixFileSystemProvider.newByteChannel(UnixFileSystemProvider.java:214)
	at java.nio.file.Files.newByteChannel(Files.java:361)
	at java.nio.file.Files.newByteChannel(Files.java:407)
	at java.nio.file.Files.readAllBytes(Files.java:3152)
	at sjtu.sdic.mapreduce.core.Master.merge(Master.java:360)
	at sjtu.sdic.mapreduce.core.Master.run(Master.java:245)
	at sjtu.sdic.mapreduce.core.Master.lambda$distributed$7(Master.java:202)
	at java.lang.Thread.run(Thread.java:748)
java.nio.file.NoSuchFileException: mrtmp.test-res-5
	at sun.nio.fs.UnixException.translateToIOException(UnixException.java:86)
	at sun.nio.fs.UnixException.rethrowAsIOException(UnixException.java:102)
	at sun.nio.fs.UnixException.rethrowAsIOException(UnixException.java:107)
	at sun.nio.fs.UnixFileSystemProvider.newByteChannel(UnixFileSystemProvider.java:214)
	at java.nio.file.Files.newByteChannel(Files.java:361)
	at java.nio.file.Files.newByteChannel(Files.java:407)
	at java.nio.file.Files.readAllBytes(Files.java:3152)
	at sjtu.sdic.mapreduce.core.Master.merge(Master.java:360)
	at sjtu.sdic.mapreduce.core.Master.run(Master.java:245)
	at sjtu.sdic.mapreduce.core.Master.lambda$distributed$7(Master.java:202)
	at java.lang.Thread.run(Thread.java:748)
java.nio.file.NoSuchFileException: mrtmp.test-res-6
	at sun.nio.fs.UnixException.translateToIOException(UnixException.java:86)
	at sun.nio.fs.UnixException.rethrowAsIOException(UnixException.java:102)
	at sun.nio.fs.UnixException.rethrowAsIOException(UnixException.java:107)
	at sun.nio.fs.UnixFileSystemProvider.newByteChannel(UnixFileSystemProvider.java:214)
	at java.nio.file.Files.newByteChannel(Files.java:361)
	at java.nio.file.Files.newByteChannel(Files.java:407)
	at java.nio.file.Files.readAllBytes(Files.java:3152)
	at sjtu.sdic.mapreduce.core.Master.merge(Master.java:360)
	at sjtu.sdic.mapreduce.core.Master.run(Master.java:245)
	at sjtu.sdic.mapreduce.core.Master.lambda$distributed$7(Master.java:202)
	at java.lang.Thread.run(Thread.java:748)
java.nio.file.NoSuchFileException: mrtmp.test-res-7
	at sun.nio.fs.UnixException.translateToIOException(UnixException.java:86)
	at sun.nio.fs.UnixException.rethrowAsIOException(UnixException.java:102)
	at sun.nio.fs.UnixException.rethrowAsIOException(UnixException.java:107)
	at sun.nio.fs.UnixFileSystemProvider.newByteChannel(UnixFileSystemProvider.java:214)
	at java.nio.file.Files.newByteChannel(Files.java:361)
	at java.nio.file.Files.newByteChannel(Files.java:407)
	at java.nio.file.Files.readAllBytes(Files.java:3152)
	at sjtu.sdic.mapreduce.core.Master.merge(Master.java:360)
	at sjtu.sdic.mapreduce.core.Master.run(Master.java:245)
	at sjtu.sdic.mapreduce.core.Master.lambda$distributed$7(Master.java:202)
	at java.lang.Thread.run(Thread.java:748)
java.nio.file.NoSuchFileException: mrtmp.test-res-8
	at sun.nio.fs.UnixException.translateToIOException(UnixException.java:86)
	at sun.nio.fs.UnixException.rethrowAsIOException(UnixException.java:102)
	at sun.nio.fs.UnixException.rethrowAsIOException(UnixException.java:107)
	at sun.nio.fs.UnixFileSystemProvider.newByteChannel(UnixFileSystemProvider.java:214)
	at java.nio.file.Files.newByteChannel(Files.java:361)
	at java.nio.file.Files.newByteChannel(Files.java:407)
	at java.nio.file.Files.readAllBytes(Files.java:3152)
	at sjtu.sdic.mapreduce.core.Master.merge(Master.java:360)
	at sjtu.sdic.mapreduce.core.Master.run(Master.java:245)
	at sjtu.sdic.mapreduce.core.Master.lambda$distributed$7(Master.java:202)
	at java.lang.Thread.run(Thread.java:748)
java.nio.file.NoSuchFileException: mrtmp.test-res-9
	at sun.nio.fs.UnixException.translateToIOException(UnixException.java:86)
	at sun.nio.fs.UnixException.rethrowAsIOException(UnixException.java:102)
	at sun.nio.fs.UnixException.rethrowAsIOException(UnixException.java:107)
	at sun.nio.fs.UnixFileSystemProvider.newByteChannel(UnixFileSystemProvider.java:214)
	at java.nio.file.Files.newByteChannel(Files.java:361)
	at java.nio.file.Files.newByteChannel(Files.java:407)
	at java.nio.file.Files.readAllBytes(Files.java:3152)
	at sjtu.sdic.mapreduce.core.Master.merge(Master.java:360)
	at sjtu.sdic.mapreduce.core.Master.run(Master.java:245)
	at sjtu.sdic.mapreduce.core.Master.lambda$distributed$7(Master.java:202)
	at java.lang.Thread.run(Thread.java:748)
</system-err>
  </testcase>
  <testcase classname="MRTest" name="testParallelCheck" time="0.355">
    <failure message="Expected 100000 lines in output" type="junit.framework.AssertionFailedError">junit.framework.AssertionFailedError: Expected 100000 lines in output
	at junit.framework.Assert.fail(Assert.java:57)
	at junit.framework.Assert.assertTrue(Assert.java:22)
	at junit.framework.Assert.assertFalse(Assert.java:39)
	at junit.framework.TestCase.assertFalse(TestCase.java:210)
	at MRTest.check(MRTest.java:104)
	at MRTest.testParallelCheck(MRTest.java:222)
	at sun.reflect.NativeMethodAccessorImpl.invoke0(Native Method)
	at sun.reflect.NativeMethodAccessorImpl.invoke(NativeMethodAccessorImpl.java:62)
	at sun.reflect.DelegatingMethodAccessorImpl.invoke(DelegatingMethodAccessorImpl.java:43)
	at java.lang.reflect.Method.invoke(Method.java:498)
	at org.junit.runners.model.FrameworkMethod$1.runReflectiveCall(FrameworkMethod.java:50)
	at org.junit.internal.runners.model.ReflectiveCallable.run(ReflectiveCallable.java:12)
	at org.junit.runners.model.FrameworkMethod.invokeExplosively(FrameworkMethod.java:47)
	at org.junit.internal.runners.statements.InvokeMethod.evaluate(InvokeMethod.java:17)
	at org.junit.runners.ParentRunner.runLeaf(ParentRunner.java:325)
	at org.junit.runners.BlockJUnit4ClassRunner.runChild(BlockJUnit4ClassRunner.java:78)
	at org.junit.runners.BlockJUnit4ClassRunner.runChild(BlockJUnit4ClassRunner.java:57)
	at org.junit.runners.ParentRunner$3.run(ParentRunner.java:290)
	at org.junit.runners.ParentRunner$1.schedule(ParentRunner.java:71)
	at org.junit.runners.ParentRunner.runChildren(ParentRunner.java:288)
	at org.junit.runners.ParentRunner.access$000(ParentRunner.java:58)
	at org.junit.runners.ParentRunner$2.evaluate(ParentRunner.java:268)
	at org.junit.runners.ParentRunner.run(ParentRunner.java:363)
	at org.apache.maven.surefire.junit4.JUnit4Provider.execute(JUnit4Provider.java:252)
	at org.apache.maven.surefire.junit4.JUnit4Provider.executeTestSet(JUnit4Provider.java:141)
	at org.apache.maven.surefire.junit4.JUnit4Provider.invoke(JUnit4Provider.java:112)
	at sun.reflect.NativeMethodAccessorImpl.invoke0(Native Method)
	at sun.reflect.NativeMethodAccessorImpl.invoke(NativeMethodAccessorImpl.java:62)
	at sun.reflect.DelegatingMethodAccessorImpl.invoke(DelegatingMethodAccessorImpl.java:43)
	at java.lang.reflect.Method.invoke(Method.java:498)
	at org.apache.maven.surefire.util.ReflectionUtils.invokeMethodWithArray(ReflectionUtils.java:189)
	at org.apache.maven.surefire.booter.ProviderFactory$ProviderProxy.invoke(ProviderFactory.java:165)
	at org.apache.maven.surefire.booter.ProviderFactory.invokeProvider(ProviderFactory.java:85)
	at org.apache.maven.surefire.booter.ForkedBooter.runSuitesInProcess(ForkedBooter.java:115)
	at org.apache.maven.surefire.booter.ForkedBooter.main(ForkedBooter.java:75)
</failure>
    <system-out>master: Starting Map/Reduce task test
Schedule: 20 MAP_PHASE tasks (10 I/Os)
Schedule: MAP_PHASE done
Schedule: 10 REDUCE_PHASE tasks (20 I/Os)
Schedule: REDUCE_PHASE done
Merge: read mrtmp.test-res-0
Merge: read mrtmp.test-res-1
Merge: read mrtmp.test-res-2
Merge: read mrtmp.test-res-3
Merge: read mrtmp.test-res-4
Merge: read mrtmp.test-res-5
Merge: read mrtmp.test-res-6
Merge: read mrtmp.test-res-7
Merge: read mrtmp.test-res-8
Merge: read mrtmp.test-res-9
master: Map/Reduce task completed
</system-out>
    <system-err>Register: RPC worker1 register error
java.nio.file.NoSuchFileException: mrtmp.test-res-0
	at sun.nio.fs.UnixException.translateToIOException(UnixException.java:86)
	at sun.nio.fs.UnixException.rethrowAsIOException(UnixException.java:102)
	at sun.nio.fs.UnixException.rethrowAsIOException(UnixException.java:107)
	at sun.nio.fs.UnixFileSystemProvider.newByteChannel(UnixFileSystemProvider.java:214)
	at java.nio.file.Files.newByteChannel(Files.java:361)
	at java.nio.file.Files.newByteChannel(Files.java:407)
	at java.nio.file.Files.readAllBytes(Files.java:3152)
	at sjtu.sdic.mapreduce.core.Master.merge(Master.java:360)
	at sjtu.sdic.mapreduce.core.Master.run(Master.java:245)
	at sjtu.sdic.mapreduce.core.Master.lambda$distributed$7(Master.java:202)
	at java.lang.Thread.run(Thread.java:748)
java.nio.file.NoSuchFileException: mrtmp.test-res-1
	at sun.nio.fs.UnixException.translateToIOException(UnixException.java:86)
	at sun.nio.fs.UnixException.rethrowAsIOException(UnixException.java:102)
	at sun.nio.fs.UnixException.rethrowAsIOException(UnixException.java:107)
	at sun.nio.fs.UnixFileSystemProvider.newByteChannel(UnixFileSystemProvider.java:214)
	at java.nio.file.Files.newByteChannel(Files.java:361)
	at java.nio.file.Files.newByteChannel(Files.java:407)
	at java.nio.file.Files.readAllBytes(Files.java:3152)
	at sjtu.sdic.mapreduce.core.Master.merge(Master.java:360)
	at sjtu.sdic.mapreduce.core.Master.run(Master.java:245)
	at sjtu.sdic.mapreduce.core.Master.lambda$distributed$7(Master.java:202)
	at java.lang.Thread.run(Thread.java:748)
java.nio.file.NoSuchFileException: mrtmp.test-res-2
	at sun.nio.fs.UnixException.translateToIOException(UnixException.java:86)
	at sun.nio.fs.UnixException.rethrowAsIOException(UnixException.java:102)
	at sun.nio.fs.UnixException.rethrowAsIOException(UnixException.java:107)
	at sun.nio.fs.UnixFileSystemProvider.newByteChannel(UnixFileSystemProvider.java:214)
	at java.nio.file.Files.newByteChannel(Files.java:361)
	at java.nio.file.Files.newByteChannel(Files.java:407)
	at java.nio.file.Files.readAllBytes(Files.java:3152)
	at sjtu.sdic.mapreduce.core.Master.merge(Master.java:360)
	at sjtu.sdic.mapreduce.core.Master.run(Master.java:245)
	at sjtu.sdic.mapreduce.core.Master.lambda$distributed$7(Master.java:202)
	at java.lang.Thread.run(Thread.java:748)
java.nio.file.NoSuchFileException: mrtmp.test-res-3
	at sun.nio.fs.UnixException.translateToIOException(UnixException.java:86)
	at sun.nio.fs.UnixException.rethrowAsIOException(UnixException.java:102)
	at sun.nio.fs.UnixException.rethrowAsIOException(UnixException.java:107)
	at sun.nio.fs.UnixFileSystemProvider.newByteChannel(UnixFileSystemProvider.java:214)
	at java.nio.file.Files.newByteChannel(Files.java:361)
	at java.nio.file.Files.newByteChannel(Files.java:407)
	at java.nio.file.Files.readAllBytes(Files.java:3152)
	at sjtu.sdic.mapreduce.core.Master.merge(Master.java:360)
	at sjtu.sdic.mapreduce.core.Master.run(Master.java:245)
	at sjtu.sdic.mapreduce.core.Master.lambda$distributed$7(Master.java:202)
	at java.lang.Thread.run(Thread.java:748)
java.nio.file.NoSuchFileException: mrtmp.test-res-4
	at sun.nio.fs.UnixException.translateToIOException(UnixException.java:86)
	at sun.nio.fs.UnixException.rethrowAsIOException(UnixException.java:102)
	at sun.nio.fs.UnixException.rethrowAsIOException(UnixException.java:107)
	at sun.nio.fs.UnixFileSystemProvider.newByteChannel(UnixFileSystemProvider.java:214)
	at java.nio.file.Files.newByteChannel(Files.java:361)
	at java.nio.file.Files.newByteChannel(Files.java:407)
	at java.nio.file.Files.readAllBytes(Files.java:3152)
	at sjtu.sdic.mapreduce.core.Master.merge(Master.java:360)
	at sjtu.sdic.mapreduce.core.Master.run(Master.java:245)
	at sjtu.sdic.mapreduce.core.Master.lambda$distributed$7(Master.java:202)
	at java.lang.Thread.run(Thread.java:748)
java.nio.file.NoSuchFileException: mrtmp.test-res-5
	at sun.nio.fs.UnixException.translateToIOException(UnixException.java:86)
	at sun.nio.fs.UnixException.rethrowAsIOException(UnixException.java:102)
	at sun.nio.fs.UnixException.rethrowAsIOException(UnixException.java:107)
	at sun.nio.fs.UnixFileSystemProvider.newByteChannel(UnixFileSystemProvider.java:214)
	at java.nio.file.Files.newByteChannel(Files.java:361)
	at java.nio.file.Files.newByteChannel(Files.java:407)
	at java.nio.file.Files.readAllBytes(Files.java:3152)
	at sjtu.sdic.mapreduce.core.Master.merge(Master.java:360)
	at sjtu.sdic.mapreduce.core.Master.run(Master.java:245)
	at sjtu.sdic.mapreduce.core.Master.lambda$distributed$7(Master.java:202)
	at java.lang.Thread.run(Thread.java:748)
java.nio.file.NoSuchFileException: mrtmp.test-res-6
	at sun.nio.fs.UnixException.translateToIOException(UnixException.java:86)
	at sun.nio.fs.UnixException.rethrowAsIOException(UnixException.java:102)
	at sun.nio.fs.UnixException.rethrowAsIOException(UnixException.java:107)
	at sun.nio.fs.UnixFileSystemProvider.newByteChannel(UnixFileSystemProvider.java:214)
	at java.nio.file.Files.newByteChannel(Files.java:361)
	at java.nio.file.Files.newByteChannel(Files.java:407)
	at java.nio.file.Files.readAllBytes(Files.java:3152)
	at sjtu.sdic.mapreduce.core.Master.merge(Master.java:360)
	at sjtu.sdic.mapreduce.core.Master.run(Master.java:245)
	at sjtu.sdic.mapreduce.core.Master.lambda$distributed$7(Master.java:202)
	at java.lang.Thread.run(Thread.java:748)
java.nio.file.NoSuchFileException: mrtmp.test-res-7
	at sun.nio.fs.UnixException.translateToIOException(UnixException.java:86)
	at sun.nio.fs.UnixException.rethrowAsIOException(UnixException.java:102)
	at sun.nio.fs.UnixException.rethrowAsIOException(UnixException.java:107)
	at sun.nio.fs.UnixFileSystemProvider.newByteChannel(UnixFileSystemProvider.java:214)
	at java.nio.file.Files.newByteChannel(Files.java:361)
	at java.nio.file.Files.newByteChannel(Files.java:407)
	at java.nio.file.Files.readAllBytes(Files.java:3152)
	at sjtu.sdic.mapreduce.core.Master.merge(Master.java:360)
	at sjtu.sdic.mapreduce.core.Master.run(Master.java:245)
	at sjtu.sdic.mapreduce.core.Master.lambda$distributed$7(Master.java:202)
	at java.lang.Thread.run(Thread.java:748)
java.nio.file.NoSuchFileException: mrtmp.test-res-8
	at sun.nio.fs.UnixException.translateToIOException(UnixException.java:86)
	at sun.nio.fs.UnixException.rethrowAsIOException(UnixException.java:102)
	at sun.nio.fs.UnixException.rethrowAsIOException(UnixException.java:107)
	at sun.nio.fs.UnixFileSystemProvider.newByteChannel(UnixFileSystemProvider.java:214)
	at java.nio.file.Files.newByteChannel(Files.java:361)
	at java.nio.file.Files.newByteChannel(Files.java:407)
	at java.nio.file.Files.readAllBytes(Files.java:3152)
	at sjtu.sdic.mapreduce.core.Master.merge(Master.java:360)
	at sjtu.sdic.mapreduce.core.Master.run(Master.java:245)
	at sjtu.sdic.mapreduce.core.Master.lambda$distributed$7(Master.java:202)
	at java.lang.Thread.run(Thread.java:748)
java.nio.file.NoSuchFileException: mrtmp.test-res-9
	at sun.nio.fs.UnixException.translateToIOException(UnixException.java:86)
	at sun.nio.fs.UnixException.rethrowAsIOException(UnixException.java:102)
	at sun.nio.fs.UnixException.rethrowAsIOException(UnixException.java:107)
	at sun.nio.fs.UnixFileSystemProvider.newByteChannel(UnixFileSystemProvider.java:214)
	at java.nio.file.Files.newByteChannel(Files.java:361)
	at java.nio.file.Files.newByteChannel(Files.java:407)
	at java.nio.file.Files.readAllBytes(Files.java:3152)
	at sjtu.sdic.mapreduce.core.Master.merge(Master.java:360)
	at sjtu.sdic.mapreduce.core.Master.run(Master.java:245)
	at sjtu.sdic.mapreduce.core.Master.lambda$distributed$7(Master.java:202)
	at java.lang.Thread.run(Thread.java:748)
</system-err>
  </testcase>
  <testcase classname="MRTest" name="testOneFailure" time="0.211">
    <failure message="Expected 100000 lines in output" type="junit.framework.AssertionFailedError">junit.framework.AssertionFailedError: Expected 100000 lines in output
	at junit.framework.Assert.fail(Assert.java:57)
	at junit.framework.Assert.assertTrue(Assert.java:22)
	at junit.framework.Assert.assertFalse(Assert.java:39)
	at junit.framework.TestCase.assertFalse(TestCase.java:210)
	at MRTest.check(MRTest.java:104)
	at MRTest.testOneFailure(MRTest.java:249)
	at sun.reflect.NativeMethodAccessorImpl.invoke0(Native Method)
	at sun.reflect.NativeMethodAccessorImpl.invoke(NativeMethodAccessorImpl.java:62)
	at sun.reflect.DelegatingMethodAccessorImpl.invoke(DelegatingMethodAccessorImpl.java:43)
	at java.lang.reflect.Method.invoke(Method.java:498)
	at org.junit.runners.model.FrameworkMethod$1.runReflectiveCall(FrameworkMethod.java:50)
	at org.junit.internal.runners.model.ReflectiveCallable.run(ReflectiveCallable.java:12)
	at org.junit.runners.model.FrameworkMethod.invokeExplosively(FrameworkMethod.java:47)
	at org.junit.internal.runners.statements.InvokeMethod.evaluate(InvokeMethod.java:17)
	at org.junit.runners.ParentRunner.runLeaf(ParentRunner.java:325)
	at org.junit.runners.BlockJUnit4ClassRunner.runChild(BlockJUnit4ClassRunner.java:78)
	at org.junit.runners.BlockJUnit4ClassRunner.runChild(BlockJUnit4ClassRunner.java:57)
	at org.junit.runners.ParentRunner$3.run(ParentRunner.java:290)
	at org.junit.runners.ParentRunner$1.schedule(ParentRunner.java:71)
	at org.junit.runners.ParentRunner.runChildren(ParentRunner.java:288)
	at org.junit.runners.ParentRunner.access$000(ParentRunner.java:58)
	at org.junit.runners.ParentRunner$2.evaluate(ParentRunner.java:268)
	at org.junit.runners.ParentRunner.run(ParentRunner.java:363)
	at org.apache.maven.surefire.junit4.JUnit4Provider.execute(JUnit4Provider.java:252)
	at org.apache.maven.surefire.junit4.JUnit4Provider.executeTestSet(JUnit4Provider.java:141)
	at org.apache.maven.surefire.junit4.JUnit4Provider.invoke(JUnit4Provider.java:112)
	at sun.reflect.NativeMethodAccessorImpl.invoke0(Native Method)
	at sun.reflect.NativeMethodAccessorImpl.invoke(NativeMethodAccessorImpl.java:62)
	at sun.reflect.DelegatingMethodAccessorImpl.invoke(DelegatingMethodAccessorImpl.java:43)
	at java.lang.reflect.Method.invoke(Method.java:498)
	at org.apache.maven.surefire.util.ReflectionUtils.invokeMethodWithArray(ReflectionUtils.java:189)
	at org.apache.maven.surefire.booter.ProviderFactory$ProviderProxy.invoke(ProviderFactory.java:165)
	at org.apache.maven.surefire.booter.ProviderFactory.invokeProvider(ProviderFactory.java:85)
	at org.apache.maven.surefire.booter.ForkedBooter.runSuitesInProcess(ForkedBooter.java:115)
	at org.apache.maven.surefire.booter.ForkedBooter.main(ForkedBooter.java:75)
</failure>
    <system-out>master: Starting Map/Reduce task test
Schedule: 20 MAP_PHASE tasks (10 I/Os)
Schedule: MAP_PHASE done
Schedule: 10 REDUCE_PHASE tasks (20 I/Os)
Schedule: REDUCE_PHASE done
Merge: read mrtmp.test-res-0
Merge: read mrtmp.test-res-1
Merge: read mrtmp.test-res-2
Merge: read mrtmp.test-res-3
Merge: read mrtmp.test-res-4
Merge: read mrtmp.test-res-5
Merge: read mrtmp.test-res-6
Merge: read mrtmp.test-res-7
Merge: read mrtmp.test-res-8
Merge: read mrtmp.test-res-9
master: Map/Reduce task completed
</system-out>
    <system-err>java.nio.file.NoSuchFileException: mrtmp.test-res-0
	at sun.nio.fs.UnixException.translateToIOException(UnixException.java:86)
	at sun.nio.fs.UnixException.rethrowAsIOException(UnixException.java:102)
	at sun.nio.fs.UnixException.rethrowAsIOException(UnixException.java:107)
	at sun.nio.fs.UnixFileSystemProvider.newByteChannel(UnixFileSystemProvider.java:214)
	at java.nio.file.Files.newByteChannel(Files.java:361)
	at java.nio.file.Files.newByteChannel(Files.java:407)
	at java.nio.file.Files.readAllBytes(Files.java:3152)
	at sjtu.sdic.mapreduce.core.Master.merge(Master.java:360)
	at sjtu.sdic.mapreduce.core.Master.run(Master.java:245)
	at sjtu.sdic.mapreduce.core.Master.lambda$distributed$7(Master.java:202)
	at java.lang.Thread.run(Thread.java:748)
java.nio.file.NoSuchFileException: mrtmp.test-res-1
	at sun.nio.fs.UnixException.translateToIOException(UnixException.java:86)
	at sun.nio.fs.UnixException.rethrowAsIOException(UnixException.java:102)
	at sun.nio.fs.UnixException.rethrowAsIOException(UnixException.java:107)
	at sun.nio.fs.UnixFileSystemProvider.newByteChannel(UnixFileSystemProvider.java:214)
	at java.nio.file.Files.newByteChannel(Files.java:361)
	at java.nio.file.Files.newByteChannel(Files.java:407)
	at java.nio.file.Files.readAllBytes(Files.java:3152)
	at sjtu.sdic.mapreduce.core.Master.merge(Master.java:360)
	at sjtu.sdic.mapreduce.core.Master.run(Master.java:245)
	at sjtu.sdic.mapreduce.core.Master.lambda$distributed$7(Master.java:202)
	at java.lang.Thread.run(Thread.java:748)
Register: RPC worker1 register error
java.nio.file.NoSuchFileException: mrtmp.test-res-2
	at sun.nio.fs.UnixException.translateToIOException(UnixException.java:86)
	at sun.nio.fs.UnixException.rethrowAsIOException(UnixException.java:102)
	at sun.nio.fs.UnixException.rethrowAsIOException(UnixException.java:107)
	at sun.nio.fs.UnixFileSystemProvider.newByteChannel(UnixFileSystemProvider.java:214)
	at java.nio.file.Files.newByteChannel(Files.java:361)
	at java.nio.file.Files.newByteChannel(Files.java:407)
	at java.nio.file.Files.readAllBytes(Files.java:3152)
	at sjtu.sdic.mapreduce.core.Master.merge(Master.java:360)
	at sjtu.sdic.mapreduce.core.Master.run(Master.java:245)
	at sjtu.sdic.mapreduce.core.Master.lambda$distributed$7(Master.java:202)
	at java.lang.Thread.run(Thread.java:748)
java.nio.file.NoSuchFileException: mrtmp.test-res-3
	at sun.nio.fs.UnixException.translateToIOException(UnixException.java:86)
	at sun.nio.fs.UnixException.rethrowAsIOException(UnixException.java:102)
	at sun.nio.fs.UnixException.rethrowAsIOException(UnixException.java:107)
	at sun.nio.fs.UnixFileSystemProvider.newByteChannel(UnixFileSystemProvider.java:214)
	at java.nio.file.Files.newByteChannel(Files.java:361)
	at java.nio.file.Files.newByteChannel(Files.java:407)
	at java.nio.file.Files.readAllBytes(Files.java:3152)
	at sjtu.sdic.mapreduce.core.Master.merge(Master.java:360)
	at sjtu.sdic.mapreduce.core.Master.run(Master.java:245)
	at sjtu.sdic.mapreduce.core.Master.lambda$distributed$7(Master.java:202)
	at java.lang.Thread.run(Thread.java:748)
java.nio.file.NoSuchFileException: mrtmp.test-res-4
	at sun.nio.fs.UnixException.translateToIOException(UnixException.java:86)
	at sun.nio.fs.UnixException.rethrowAsIOException(UnixException.java:102)
	at sun.nio.fs.UnixException.rethrowAsIOException(UnixException.java:107)
	at sun.nio.fs.UnixFileSystemProvider.newByteChannel(UnixFileSystemProvider.java:214)
	at java.nio.file.Files.newByteChannel(Files.java:361)
	at java.nio.file.Files.newByteChannel(Files.java:407)
	at java.nio.file.Files.readAllBytes(Files.java:3152)
	at sjtu.sdic.mapreduce.core.Master.merge(Master.java:360)
	at sjtu.sdic.mapreduce.core.Master.run(Master.java:245)
	at sjtu.sdic.mapreduce.core.Master.lambda$distributed$7(Master.java:202)
	at java.lang.Thread.run(Thread.java:748)
java.nio.file.NoSuchFileException: mrtmp.test-res-5
	at sun.nio.fs.UnixException.translateToIOException(UnixException.java:86)
	at sun.nio.fs.UnixException.rethrowAsIOException(UnixException.java:102)
	at sun.nio.fs.UnixException.rethrowAsIOException(UnixException.java:107)
	at sun.nio.fs.UnixFileSystemProvider.newByteChannel(UnixFileSystemProvider.java:214)
	at java.nio.file.Files.newByteChannel(Files.java:361)
	at java.nio.file.Files.newByteChannel(Files.java:407)
	at java.nio.file.Files.readAllBytes(Files.java:3152)
	at sjtu.sdic.mapreduce.core.Master.merge(Master.java:360)
	at sjtu.sdic.mapreduce.core.Master.run(Master.java:245)
	at sjtu.sdic.mapreduce.core.Master.lambda$distributed$7(Master.java:202)
	at java.lang.Thread.run(Thread.java:748)
java.nio.file.NoSuchFileException: mrtmp.test-res-6
	at sun.nio.fs.UnixException.translateToIOException(UnixException.java:86)
	at sun.nio.fs.UnixException.rethrowAsIOException(UnixException.java:102)
Register: RPC worker2 register error
	at sun.nio.fs.UnixException.rethrowAsIOException(UnixException.java:107)
	at sun.nio.fs.UnixFileSystemProvider.newByteChannel(UnixFileSystemProvider.java:214)
	at java.nio.file.Files.newByteChannel(Files.java:361)
	at java.nio.file.Files.newByteChannel(Files.java:407)
	at java.nio.file.Files.readAllBytes(Files.java:3152)
	at sjtu.sdic.mapreduce.core.Master.merge(Master.java:360)
	at sjtu.sdic.mapreduce.core.Master.run(Master.java:245)
	at sjtu.sdic.mapreduce.core.Master.lambda$distributed$7(Master.java:202)
	at java.lang.Thread.run(Thread.java:748)
java.nio.file.NoSuchFileException: mrtmp.test-res-7
	at sun.nio.fs.UnixException.translateToIOException(UnixException.java:86)
	at sun.nio.fs.UnixException.rethrowAsIOException(UnixException.java:102)
	at sun.nio.fs.UnixException.rethrowAsIOException(UnixException.java:107)
	at sun.nio.fs.UnixFileSystemProvider.newByteChannel(UnixFileSystemProvider.java:214)
	at java.nio.file.Files.newByteChannel(Files.java:361)
	at java.nio.file.Files.newByteChannel(Files.java:407)
	at java.nio.file.Files.readAllBytes(Files.java:3152)
	at sjtu.sdic.mapreduce.core.Master.merge(Master.java:360)
	at sjtu.sdic.mapreduce.core.Master.run(Master.java:245)
	at sjtu.sdic.mapreduce.core.Master.lambda$distributed$7(Master.java:202)
	at java.lang.Thread.run(Thread.java:748)
java.nio.file.NoSuchFileException: mrtmp.test-res-8
	at sun.nio.fs.UnixException.translateToIOException(UnixException.java:86)
	at sun.nio.fs.UnixException.rethrowAsIOException(UnixException.java:102)
	at sun.nio.fs.UnixException.rethrowAsIOException(UnixException.java:107)
	at sun.nio.fs.UnixFileSystemProvider.newByteChannel(UnixFileSystemProvider.java:214)
	at java.nio.file.Files.newByteChannel(Files.java:361)
	at java.nio.file.Files.newByteChannel(Files.java:407)
	at java.nio.file.Files.readAllBytes(Files.java:3152)
	at sjtu.sdic.mapreduce.core.Master.merge(Master.java:360)
	at sjtu.sdic.mapreduce.core.Master.run(Master.java:245)
	at sjtu.sdic.mapreduce.core.Master.lambda$distributed$7(Master.java:202)
	at java.lang.Thread.run(Thread.java:748)
java.nio.file.NoSuchFileException: mrtmp.test-res-9
	at sun.nio.fs.UnixException.translateToIOException(UnixException.java:86)
	at sun.nio.fs.UnixException.rethrowAsIOException(UnixException.java:102)
	at sun.nio.fs.UnixException.rethrowAsIOException(UnixException.java:107)
	at sun.nio.fs.UnixFileSystemProvider.newByteChannel(UnixFileSystemProvider.java:214)
	at java.nio.file.Files.newByteChannel(Files.java:361)
	at java.nio.file.Files.newByteChannel(Files.java:407)
	at java.nio.file.Files.readAllBytes(Files.java:3152)
	at sjtu.sdic.mapreduce.core.Master.merge(Master.java:360)
	at sjtu.sdic.mapreduce.core.Master.run(Master.java:245)
	at sjtu.sdic.mapreduce.core.Master.lambda$distributed$7(Master.java:202)
	at java.lang.Thread.run(Thread.java:748)
</system-err>
  </testcase>
  <testcase classname="MRTest" name="testSequentialSingle" time="13.302">
    <failure message="Expected 100000 lines in output" type="junit.framework.AssertionFailedError">junit.framework.AssertionFailedError: Expected 100000 lines in output
	at junit.framework.Assert.fail(Assert.java:57)
	at junit.framework.Assert.assertTrue(Assert.java:22)
	at junit.framework.Assert.assertFalse(Assert.java:39)
	at junit.framework.TestCase.assertFalse(TestCase.java:210)
	at MRTest.check(MRTest.java:104)
	at MRTest.testSequentialSingle(MRTest.java:170)
	at sun.reflect.NativeMethodAccessorImpl.invoke0(Native Method)
	at sun.reflect.NativeMethodAccessorImpl.invoke(NativeMethodAccessorImpl.java:62)
	at sun.reflect.DelegatingMethodAccessorImpl.invoke(DelegatingMethodAccessorImpl.java:43)
	at java.lang.reflect.Method.invoke(Method.java:498)
	at org.junit.runners.model.FrameworkMethod$1.runReflectiveCall(FrameworkMethod.java:50)
	at org.junit.internal.runners.model.ReflectiveCallable.run(ReflectiveCallable.java:12)
	at org.junit.runners.model.FrameworkMethod.invokeExplosively(FrameworkMethod.java:47)
	at org.junit.internal.runners.statements.InvokeMethod.evaluate(InvokeMethod.java:17)
	at org.junit.runners.ParentRunner.runLeaf(ParentRunner.java:325)
	at org.junit.runners.BlockJUnit4ClassRunner.runChild(BlockJUnit4ClassRunner.java:78)
	at org.junit.runners.BlockJUnit4ClassRunner.runChild(BlockJUnit4ClassRunner.java:57)
	at org.junit.runners.ParentRunner$3.run(ParentRunner.java:290)
	at org.junit.runners.ParentRunner$1.schedule(ParentRunner.java:71)
	at org.junit.runners.ParentRunner.runChildren(ParentRunner.java:288)
	at org.junit.runners.ParentRunner.access$000(ParentRunner.java:58)
	at org.junit.runners.ParentRunner$2.evaluate(ParentRunner.java:268)
	at org.junit.runners.ParentRunner.run(ParentRunner.java:363)
	at org.apache.maven.surefire.junit4.JUnit4Provider.execute(JUnit4Provider.java:252)
	at org.apache.maven.surefire.junit4.JUnit4Provider.executeTestSet(JUnit4Provider.java:141)
	at org.apache.maven.surefire.junit4.JUnit4Provider.invoke(JUnit4Provider.java:112)
	at sun.reflect.NativeMethodAccessorImpl.invoke0(Native Method)
	at sun.reflect.NativeMethodAccessorImpl.invoke(NativeMethodAccessorImpl.java:62)
	at sun.reflect.DelegatingMethodAccessorImpl.invoke(DelegatingMethodAccessorImpl.java:43)
	at java.lang.reflect.Method.invoke(Method.java:498)
	at org.apache.maven.surefire.util.ReflectionUtils.invokeMethodWithArray(ReflectionUtils.java:189)
	at org.apache.maven.surefire.booter.ProviderFactory$ProviderProxy.invoke(ProviderFactory.java:165)
	at org.apache.maven.surefire.booter.ProviderFactory.invokeProvider(ProviderFactory.java:85)
	at org.apache.maven.surefire.booter.ForkedBooter.runSuitesInProcess(ForkedBooter.java:115)
	at org.apache.maven.surefire.booter.ForkedBooter.main(ForkedBooter.java:75)
</failure>
    <system-out>master: Starting Map/Reduce task test
Merge: read mrtmp.test-res-0
master: Map/Reduce task completed
</system-out>
    <system-err>java.nio.file.NoSuchFileException: mrtmp.test-res-0
	at sun.nio.fs.UnixException.translateToIOException(UnixException.java:86)
	at sun.nio.fs.UnixException.rethrowAsIOException(UnixException.java:102)
	at sun.nio.fs.UnixException.rethrowAsIOException(UnixException.java:107)
	at sun.nio.fs.UnixFileSystemProvider.newByteChannel(UnixFileSystemProvider.java:214)
	at java.nio.file.Files.newByteChannel(Files.java:361)
	at java.nio.file.Files.newByteChannel(Files.java:407)
	at java.nio.file.Files.readAllBytes(Files.java:3152)
	at sjtu.sdic.mapreduce.core.Master.merge(Master.java:360)
	at sjtu.sdic.mapreduce.core.Master.run(Master.java:245)
	at sjtu.sdic.mapreduce.core.Master.lambda$sequential$2(Master.java:82)
	at java.lang.Thread.run(Thread.java:748)
</system-err>
  </testcase>
  <testcase classname="MRTest" name="testManyFailures" time="1.071">
    <failure message="Expected 100000 lines in output" type="junit.framework.AssertionFailedError">junit.framework.AssertionFailedError: Expected 100000 lines in output
	at junit.framework.Assert.fail(Assert.java:57)
	at junit.framework.Assert.assertTrue(Assert.java:22)
	at junit.framework.Assert.assertFalse(Assert.java:39)
	at junit.framework.TestCase.assertFalse(TestCase.java:210)
	at MRTest.check(MRTest.java:104)
	at MRTest.testManyFailures(MRTest.java:276)
	at sun.reflect.NativeMethodAccessorImpl.invoke0(Native Method)
	at sun.reflect.NativeMethodAccessorImpl.invoke(NativeMethodAccessorImpl.java:62)
	at sun.reflect.DelegatingMethodAccessorImpl.invoke(DelegatingMethodAccessorImpl.java:43)
	at java.lang.reflect.Method.invoke(Method.java:498)
	at org.junit.runners.model.FrameworkMethod$1.runReflectiveCall(FrameworkMethod.java:50)
	at org.junit.internal.runners.model.ReflectiveCallable.run(ReflectiveCallable.java:12)
	at org.junit.runners.model.FrameworkMethod.invokeExplosively(FrameworkMethod.java:47)
	at org.junit.internal.runners.statements.InvokeMethod.evaluate(InvokeMethod.java:17)
	at org.junit.runners.ParentRunner.runLeaf(ParentRunner.java:325)
	at org.junit.runners.BlockJUnit4ClassRunner.runChild(BlockJUnit4ClassRunner.java:78)
	at org.junit.runners.BlockJUnit4ClassRunner.runChild(BlockJUnit4ClassRunner.java:57)
	at org.junit.runners.ParentRunner$3.run(ParentRunner.java:290)
	at org.junit.runners.ParentRunner$1.schedule(ParentRunner.java:71)
	at org.junit.runners.ParentRunner.runChildren(ParentRunner.java:288)
	at org.junit.runners.ParentRunner.access$000(ParentRunner.java:58)
	at org.junit.runners.ParentRunner$2.evaluate(ParentRunner.java:268)
	at org.junit.runners.ParentRunner.run(ParentRunner.java:363)
	at org.apache.maven.surefire.junit4.JUnit4Provider.execute(JUnit4Provider.java:252)
	at org.apache.maven.surefire.junit4.JUnit4Provider.executeTestSet(JUnit4Provider.java:141)
	at org.apache.maven.surefire.junit4.JUnit4Provider.invoke(JUnit4Provider.java:112)
	at sun.reflect.NativeMethodAccessorImpl.invoke0(Native Method)
	at sun.reflect.NativeMethodAccessorImpl.invoke(NativeMethodAccessorImpl.java:62)
	at sun.reflect.DelegatingMethodAccessorImpl.invoke(DelegatingMethodAccessorImpl.java:43)
	at java.lang.reflect.Method.invoke(Method.java:498)
	at org.apache.maven.surefire.util.ReflectionUtils.invokeMethodWithArray(ReflectionUtils.java:189)
	at org.apache.maven.surefire.booter.ProviderFactory$ProviderProxy.invoke(ProviderFactory.java:165)
	at org.apache.maven.surefire.booter.ProviderFactory.invokeProvider(ProviderFactory.java:85)
	at org.apache.maven.surefire.booter.ForkedBooter.runSuitesInProcess(ForkedBooter.java:115)
	at org.apache.maven.surefire.booter.ForkedBooter.main(ForkedBooter.java:75)
</failure>
    <system-out>master: Starting Map/Reduce task test
Schedule: 20 MAP_PHASE tasks (10 I/Os)
Schedule: MAP_PHASE done
Schedule: 10 REDUCE_PHASE tasks (20 I/Os)
Schedule: REDUCE_PHASE done
Merge: read mrtmp.test-res-0
Merge: read mrtmp.test-res-1
Merge: read mrtmp.test-res-2
Merge: read mrtmp.test-res-3
Merge: read mrtmp.test-res-4
Merge: read mrtmp.test-res-5
Merge: read mrtmp.test-res-6
Merge: read mrtmp.test-res-7
Merge: read mrtmp.test-res-8
Merge: read mrtmp.test-res-9
master: Map/Reduce task completed
</system-out>
    <system-err>java.nio.file.NoSuchFileException: mrtmp.test-res-0
	at sun.nio.fs.UnixException.translateToIOException(UnixException.java:86)
	at sun.nio.fs.UnixException.rethrowAsIOException(UnixException.java:102)
	at sun.nio.fs.UnixException.rethrowAsIOException(UnixException.java:107)
	at sun.nio.fs.UnixFileSystemProvider.newByteChannel(UnixFileSystemProvider.java:214)
	at java.nio.file.Files.newByteChannel(Files.java:361)
	at java.nio.file.Files.newByteChannel(Files.java:407)
	at java.nio.file.Files.readAllBytes(Files.java:3152)
	at sjtu.sdic.mapreduce.core.Master.merge(Master.java:360)
	at sjtu.sdic.mapreduce.core.Master.run(Master.java:245)
	at sjtu.sdic.mapreduce.core.Master.lambda$distributed$7(Master.java:202)
	at java.lang.Thread.run(Thread.java:748)
java.nio.file.NoSuchFileException: mrtmp.test-res-1
	at sun.nio.fs.UnixException.translateToIOException(UnixException.java:86)
	at sun.nio.fs.UnixException.rethrowAsIOException(UnixException.java:102)
	at sun.nio.fs.UnixException.rethrowAsIOException(UnixException.java:107)
	at sun.nio.fs.UnixFileSystemProvider.newByteChannel(UnixFileSystemProvider.java:214)
	at java.nio.file.Files.newByteChannel(Files.java:361)
	at java.nio.file.Files.newByteChannel(Files.java:407)
	at java.nio.file.Files.readAllBytes(Files.java:3152)
	at sjtu.sdic.mapreduce.core.Master.merge(Master.java:360)
	at sjtu.sdic.mapreduce.core.Master.run(Master.java:245)
	at sjtu.sdic.mapreduce.core.Master.lambda$distributed$7(Master.java:202)
	at java.lang.Thread.run(Thread.java:748)
java.nio.file.NoSuchFileException: mrtmp.test-res-2
	at sun.nio.fs.UnixException.translateToIOException(UnixException.java:86)
	at sun.nio.fs.UnixException.rethrowAsIOException(UnixException.java:102)
	at sun.nio.fs.UnixException.rethrowAsIOException(UnixException.java:107)
	at sun.nio.fs.UnixFileSystemProvider.newByteChannel(UnixFileSystemProvider.java:214)
	at java.nio.file.Files.newByteChannel(Files.java:361)
	at java.nio.file.Files.newByteChannel(Files.java:407)
	at java.nio.file.Files.readAllBytes(Files.java:3152)
	at sjtu.sdic.mapreduce.core.Master.merge(Master.java:360)
	at sjtu.sdic.mapreduce.core.Master.run(Master.java:245)
	at sjtu.sdic.mapreduce.core.Master.lambda$distributed$7(Master.java:202)Register: RPC worker0 register error

	at java.lang.Thread.run(Thread.java:748)
java.nio.file.NoSuchFileException: mrtmp.test-res-3
	at sun.nio.fs.UnixException.translateToIOException(UnixException.java:86)
	at sun.nio.fs.UnixException.rethrowAsIOException(UnixException.java:102)
	at sun.nio.fs.UnixException.rethrowAsIOException(UnixException.java:107)
	at sun.nio.fs.UnixFileSystemProvider.newByteChannel(UnixFileSystemProvider.java:214)
	at java.nio.file.Files.newByteChannel(Files.java:361)
	at java.nio.file.Files.newByteChannel(Files.java:407)
	at java.nio.file.Files.readAllBytes(Files.java:3152)
	at sjtu.sdic.mapreduce.core.Master.merge(Master.java:360)
Register: RPC worker1 register error
	at sjtu.sdic.mapreduce.core.Master.run(Master.java:245)
	at sjtu.sdic.mapreduce.core.Master.lambda$distributed$7(Master.java:202)
	at java.lang.Thread.run(Thread.java:748)
java.nio.file.NoSuchFileException: mrtmp.test-res-4
	at sun.nio.fs.UnixException.translateToIOException(UnixException.java:86)
	at sun.nio.fs.UnixException.rethrowAsIOException(UnixException.java:102)
	at sun.nio.fs.UnixException.rethrowAsIOException(UnixException.java:107)
	at sun.nio.fs.UnixFileSystemProvider.newByteChannel(UnixFileSystemProvider.java:214)
	at java.nio.file.Files.newByteChannel(Files.java:361)
	at java.nio.file.Files.newByteChannel(Files.java:407)
	at java.nio.file.Files.readAllBytes(Files.java:3152)
	at sjtu.sdic.mapreduce.core.Master.merge(Master.java:360)
	at sjtu.sdic.mapreduce.core.Master.run(Master.java:245)
	at sjtu.sdic.mapreduce.core.Master.lambda$distributed$7(Master.java:202)
	at java.lang.Thread.run(Thread.java:748)
java.nio.file.NoSuchFileException: mrtmp.test-res-5
	at sun.nio.fs.UnixException.translateToIOException(UnixException.java:86)
	at sun.nio.fs.UnixException.rethrowAsIOException(UnixException.java:102)
	at sun.nio.fs.UnixException.rethrowAsIOException(UnixException.java:107)
	at sun.nio.fs.UnixFileSystemProvider.newByteChannel(UnixFileSystemProvider.java:214)
	at java.nio.file.Files.newByteChannel(Files.java:361)
	at java.nio.file.Files.newByteChannel(Files.java:407)
	at java.nio.file.Files.readAllBytes(Files.java:3152)
	at sjtu.sdic.mapreduce.core.Master.merge(Master.java:360)
	at sjtu.sdic.mapreduce.core.Master.run(Master.java:245)
	at sjtu.sdic.mapreduce.core.Master.lambda$distributed$7(Master.java:202)
	at java.lang.Thread.run(Thread.java:748)
java.nio.file.NoSuchFileException: mrtmp.test-res-6
	at sun.nio.fs.UnixException.translateToIOException(UnixException.java:86)
	at sun.nio.fs.UnixException.rethrowAsIOException(UnixException.java:102)
	at sun.nio.fs.UnixException.rethrowAsIOException(UnixException.java:107)
	at sun.nio.fs.UnixFileSystemProvider.newByteChannel(UnixFileSystemProvider.java:214)
	at java.nio.file.Files.newByteChannel(Files.java:361)
	at java.nio.file.Files.newByteChannel(Files.java:407)
	at java.nio.file.Files.readAllBytes(Files.java:3152)
	at sjtu.sdic.mapreduce.core.Master.merge(Master.java:360)
	at sjtu.sdic.mapreduce.core.Master.run(Master.java:245)
	at sjtu.sdic.mapreduce.core.Master.lambda$distributed$7(Master.java:202)
	at java.lang.Thread.run(Thread.java:748)
java.nio.file.NoSuchFileException: mrtmp.test-res-7
	at sun.nio.fs.UnixException.translateToIOException(UnixException.java:86)
	at sun.nio.fs.UnixException.rethrowAsIOException(UnixException.java:102)
	at sun.nio.fs.UnixException.rethrowAsIOException(UnixException.java:107)
	at sun.nio.fs.UnixFileSystemProvider.newByteChannel(UnixFileSystemProvider.java:214)
	at java.nio.file.Files.newByteChannel(Files.java:361)
	at java.nio.file.Files.newByteChannel(Files.java:407)
	at java.nio.file.Files.readAllBytes(Files.java:3152)
	at sjtu.sdic.mapreduce.core.Master.merge(Master.java:360)
	at sjtu.sdic.mapreduce.core.Master.run(Master.java:245)
	at sjtu.sdic.mapreduce.core.Master.lambda$distributed$7(Master.java:202)
	at java.lang.Thread.run(Thread.java:748)
java.nio.file.NoSuchFileException: mrtmp.test-res-8
	at sun.nio.fs.UnixException.translateToIOException(UnixException.java:86)
	at sun.nio.fs.UnixException.rethrowAsIOException(UnixException.java:102)
	at sun.nio.fs.UnixException.rethrowAsIOException(UnixException.java:107)
	at sun.nio.fs.UnixFileSystemProvider.newByteChannel(UnixFileSystemProvider.java:214)
	at java.nio.file.Files.newByteChannel(Files.java:361)
	at java.nio.file.Files.newByteChannel(Files.java:407)
	at java.nio.file.Files.readAllBytes(Files.java:3152)
	at sjtu.sdic.mapreduce.core.Master.merge(Master.java:360)
	at sjtu.sdic.mapreduce.core.Master.run(Master.java:245)
	at sjtu.sdic.mapreduce.core.Master.lambda$distributed$7(Master.java:202)
	at java.lang.Thread.run(Thread.java:748)
java.nio.file.NoSuchFileException: mrtmp.test-res-9
	at sun.nio.fs.UnixException.translateToIOException(UnixException.java:86)
	at sun.nio.fs.UnixException.rethrowAsIOException(UnixException.java:102)
	at sun.nio.fs.UnixException.rethrowAsIOException(UnixException.java:107)
	at sun.nio.fs.UnixFileSystemProvider.newByteChannel(UnixFileSystemProvider.java:214)
	at java.nio.file.Files.newByteChannel(Files.java:361)
	at java.nio.file.Files.newByteChannel(Files.java:407)
	at java.nio.file.Files.readAllBytes(Files.java:3152)
	at sjtu.sdic.mapreduce.core.Master.merge(Master.java:360)
	at sjtu.sdic.mapreduce.core.Master.run(Master.java:245)
	at sjtu.sdic.mapreduce.core.Master.lambda$distributed$7(Master.java:202)
	at java.lang.Thread.run(Thread.java:748)
</system-err>
  </testcase>
  <testcase classname="MRTest" name="testSequentialMany" time="8.997">
    <failure message="Expected 100000 lines in output" type="junit.framework.AssertionFailedError">junit.framework.AssertionFailedError: Expected 100000 lines in output
	at junit.framework.Assert.fail(Assert.java:57)
	at junit.framework.Assert.assertTrue(Assert.java:22)
	at junit.framework.Assert.assertFalse(Assert.java:39)
	at junit.framework.TestCase.assertFalse(TestCase.java:210)
	at MRTest.check(MRTest.java:104)
	at MRTest.testSequentialMany(MRTest.java:183)
	at sun.reflect.NativeMethodAccessorImpl.invoke0(Native Method)
	at sun.reflect.NativeMethodAccessorImpl.invoke(NativeMethodAccessorImpl.java:62)
	at sun.reflect.DelegatingMethodAccessorImpl.invoke(DelegatingMethodAccessorImpl.java:43)
	at java.lang.reflect.Method.invoke(Method.java:498)
	at org.junit.runners.model.FrameworkMethod$1.runReflectiveCall(FrameworkMethod.java:50)
	at org.junit.internal.runners.model.ReflectiveCallable.run(ReflectiveCallable.java:12)
	at org.junit.runners.model.FrameworkMethod.invokeExplosively(FrameworkMethod.java:47)
	at org.junit.internal.runners.statements.InvokeMethod.evaluate(InvokeMethod.java:17)
	at org.junit.runners.ParentRunner.runLeaf(ParentRunner.java:325)
	at org.junit.runners.BlockJUnit4ClassRunner.runChild(BlockJUnit4ClassRunner.java:78)
	at org.junit.runners.BlockJUnit4ClassRunner.runChild(BlockJUnit4ClassRunner.java:57)
	at org.junit.runners.ParentRunner$3.run(ParentRunner.java:290)
	at org.junit.runners.ParentRunner$1.schedule(ParentRunner.java:71)
	at org.junit.runners.ParentRunner.runChildren(ParentRunner.java:288)
	at org.junit.runners.ParentRunner.access$000(ParentRunner.java:58)
	at org.junit.runners.ParentRunner$2.evaluate(ParentRunner.java:268)
	at org.junit.runners.ParentRunner.run(ParentRunner.java:363)
	at org.apache.maven.surefire.junit4.JUnit4Provider.execute(JUnit4Provider.java:252)
	at org.apache.maven.surefire.junit4.JUnit4Provider.executeTestSet(JUnit4Provider.java:141)
	at org.apache.maven.surefire.junit4.JUnit4Provider.invoke(JUnit4Provider.java:112)
	at sun.reflect.NativeMethodAccessorImpl.invoke0(Native Method)
	at sun.reflect.NativeMethodAccessorImpl.invoke(NativeMethodAccessorImpl.java:62)
	at sun.reflect.DelegatingMethodAccessorImpl.invoke(DelegatingMethodAccessorImpl.java:43)
	at java.lang.reflect.Method.invoke(Method.java:498)
	at org.apache.maven.surefire.util.ReflectionUtils.invokeMethodWithArray(ReflectionUtils.java:189)
	at org.apache.maven.surefire.booter.ProviderFactory$ProviderProxy.invoke(ProviderFactory.java:165)
	at org.apache.maven.surefire.booter.ProviderFactory.invokeProvider(ProviderFactory.java:85)
	at org.apache.maven.surefire.booter.ForkedBooter.runSuitesInProcess(ForkedBooter.java:115)
	at org.apache.maven.surefire.booter.ForkedBooter.main(ForkedBooter.java:75)
</failure>
    <system-out>master: Starting Map/Reduce task test
Merge: read mrtmp.test-res-0
Merge: read mrtmp.test-res-1
Merge: read mrtmp.test-res-2
master: Map/Reduce task completed
</system-out>
    <system-err>java.nio.file.NoSuchFileException: mrtmp.test-res-0
	at sun.nio.fs.UnixException.translateToIOException(UnixException.java:86)
	at sun.nio.fs.UnixException.rethrowAsIOException(UnixException.java:102)
	at sun.nio.fs.UnixException.rethrowAsIOException(UnixException.java:107)
	at sun.nio.fs.UnixFileSystemProvider.newByteChannel(UnixFileSystemProvider.java:214)
	at java.nio.file.Files.newByteChannel(Files.java:361)
	at java.nio.file.Files.newByteChannel(Files.java:407)
	at java.nio.file.Files.readAllBytes(Files.java:3152)
	at sjtu.sdic.mapreduce.core.Master.merge(Master.java:360)
	at sjtu.sdic.mapreduce.core.Master.run(Master.java:245)
	at sjtu.sdic.mapreduce.core.Master.lambda$sequential$2(Master.java:82)
	at java.lang.Thread.run(Thread.java:748)
java.nio.file.NoSuchFileException: mrtmp.test-res-1
	at sun.nio.fs.UnixException.translateToIOException(UnixException.java:86)
	at sun.nio.fs.UnixException.rethrowAsIOException(UnixException.java:102)
	at sun.nio.fs.UnixException.rethrowAsIOException(UnixException.java:107)
	at sun.nio.fs.UnixFileSystemProvider.newByteChannel(UnixFileSystemProvider.java:214)
	at java.nio.file.Files.newByteChannel(Files.java:361)
	at java.nio.file.Files.newByteChannel(Files.java:407)
	at java.nio.file.Files.readAllBytes(Files.java:3152)
	at sjtu.sdic.mapreduce.core.Master.merge(Master.java:360)
	at sjtu.sdic.mapreduce.core.Master.run(Master.java:245)
	at sjtu.sdic.mapreduce.core.Master.lambda$sequential$2(Master.java:82)
	at java.lang.Thread.run(Thread.java:748)
java.nio.file.NoSuchFileException: mrtmp.test-res-2
	at sun.nio.fs.UnixException.translateToIOException(UnixException.java:86)
	at sun.nio.fs.UnixException.rethrowAsIOException(UnixException.java:102)
	at sun.nio.fs.UnixException.rethrowAsIOException(UnixException.java:107)
	at sun.nio.fs.UnixFileSystemProvider.newByteChannel(UnixFileSystemProvider.java:214)
	at java.nio.file.Files.newByteChannel(Files.java:361)
	at java.nio.file.Files.newByteChannel(Files.java:407)
	at java.nio.file.Files.readAllBytes(Files.java:3152)
	at sjtu.sdic.mapreduce.core.Master.merge(Master.java:360)
	at sjtu.sdic.mapreduce.core.Master.run(Master.java:245)
	at sjtu.sdic.mapreduce.core.Master.lambda$sequential$2(Master.java:82)
	at java.lang.Thread.run(Thread.java:748)
</system-err>
  </testcase>
</testsuite>